<?xml version="1.0" encoding="UTF-8"?>
<testng-results ignored="0" total="1" passed="1" failed="0" skipped="0">
  <reporter-output>
  </reporter-output>
  <suite started-at="2024-07-01T10:11:48 IST" name="Default suite" finished-at="2024-07-01T10:11:54 IST" duration-ms="5635">
    <groups>
    </groups>
    <test started-at="2024-07-01T10:11:48 IST" name="Default test" finished-at="2024-07-01T10:11:54 IST" duration-ms="5635">
      <class name="mockingServer.CreditCardPaymentTest">
        <test-method signature="creditCardValidityTest()[pri:0, instance:mockingServer.CreditCardPaymentTest@43c1b556]" started-at="2024-07-01T10:11:48 IST" name="creditCardValidityTest" finished-at="2024-07-01T10:11:54 IST" duration-ms="5544" status="PASS">
          <reporter-output>
          </reporter-output>
        </test-method> <!-- creditCardValidityTest -->
      </class> <!-- mockingServer.CreditCardPaymentTest -->
    </test> <!-- Default test -->
  </suite> <!-- Default suite -->
</testng-results>
